<?xml version="1.0" encoding="UTF-8"?>
<robot generator="Robot 7.4.1 (Python 3.13.5 on win32)" generated="2026-03-23T08:58:23.175672" rpa="false" schemaversion="5">
<suite id="s1" name="Robot Framework" source="C:\Users\tapai-feromarcell\Desktop\robot_framework">
<suite id="s1-s1" name="Parking Garage" source="C:\Users\tapai-feromarcell\Desktop\robot_framework\parking garage">
<suite id="s1-s1-s1" name="Login" source="C:\Users\tapai-feromarcell\Desktop\robot_framework\parking garage\login.robot">
<test id="s1-s1-s1-t1" name="Login" line="38">
<kw name="Login with registrated user">
<kw name="Open Browser" owner="Selenium2Library">
<msg time="2026-03-23T08:58:23.440784" level="INFO">Opening browser 'Firefox' to base url 'https://parking-garage-app.netlify.app'.</msg>
<arg>https://parking-garage-app.netlify.app</arg>
<arg>browser=Firefox</arg>
<doc>Opens a new browser instance to the optional ``url``.</doc>
<status status="PASS" start="2026-03-23T08:58:23.440465" elapsed="6.374647"/>
</kw>
<kw name="Click Element" owner="Selenium2Library">
<msg time="2026-03-23T08:58:29.817389" level="INFO">Clicking element '//*[@id="register-link"]'.</msg>
<arg>//*[@id="register-link"]</arg>
<doc>Click the element identified by ``locator``.</doc>
<status status="PASS" start="2026-03-23T08:58:29.816009" elapsed="0.104712"/>
</kw>
<kw name="Page Should Contain Button" owner="Selenium2Library">
<msg time="2026-03-23T08:58:29.951450" level="INFO">Current page contains button '//*[@id="register-button"]'.</msg>
<arg>//*[@id="register-button"]</arg>
<doc>Verifies button ``locator`` is found from current page.</doc>
<status status="PASS" start="2026-03-23T08:58:29.920961" elapsed="0.030920"/>
</kw>
<kw name="Input Text" owner="Selenium2Library">
<msg time="2026-03-23T08:58:29.952620" level="INFO">Typing text 'nemtom' into text field '//*[@id="firstName"]'.</msg>
<arg>//*[@id="firstName"]</arg>
<arg>nemtom</arg>
<doc>Types the given ``text`` into the text field identified by ``locator``.</doc>
<status status="PASS" start="2026-03-23T08:58:29.952110" elapsed="0.043979"/>
</kw>
<kw name="Input Text" owner="Selenium2Library">
<msg time="2026-03-23T08:58:29.996862" level="INFO">Typing text 'ezt se' into text field '//*[@id="lastName"]'.</msg>
<arg>//*[@id="lastName"]</arg>
<arg>ezt se</arg>
<doc>Types the given ``text`` into the text field identified by ``locator``.</doc>
<status status="PASS" start="2026-03-23T08:58:29.996361" elapsed="0.022896"/>
</kw>
<kw name="Input Text" owner="Selenium2Library">
<msg time="2026-03-23T08:58:30.019809" level="INFO">Typing text '+36001234567' into text field '//*[@id="phoneNumber"]'.</msg>
<arg>//*[@id="phoneNumber"]</arg>
<arg>+36001234567</arg>
<doc>Types the given ``text`` into the text field identified by ``locator``.</doc>
<status status="PASS" start="2026-03-23T08:58:30.019485" elapsed="0.019555"/>
</kw>
<kw name="Input Text" owner="Selenium2Library">
<msg time="2026-03-23T08:58:30.039804" level="INFO">Typing text 'hablabla@blub.fih' into text field '//*[@id="email"]'.</msg>
<arg>//*[@id="email"]</arg>
<arg>hablabla@blub.fih</arg>
<doc>Types the given ``text`` into the text field identified by ``locator``.</doc>
<status status="PASS" start="2026-03-23T08:58:30.039303" elapsed="0.033206"/>
</kw>
<kw name="Input Password" owner="Selenium2Library">
<msg time="2026-03-23T08:58:30.073009" level="INFO">Typing password into text field '//*[@id="password"]'.</msg>
<msg time="2026-03-23T08:58:30.080831" level="INFO">Temporally setting log level to: NONE</msg>
<arg>//*[@id="password"]</arg>
<arg>halacska</arg>
<doc>Types the given password into the text field identified by ``locator``.</doc>
<status status="PASS" start="2026-03-23T08:58:30.072713" elapsed="0.021913"/>
</kw>
<kw name="Input Password" owner="Selenium2Library">
<msg time="2026-03-23T08:58:30.095130" level="INFO">Typing password into text field '//*[@id="confirmPassword"]'.</msg>
<msg time="2026-03-23T08:58:30.108561" level="INFO">Temporally setting log level to: NONE</msg>
<arg>//*[@id="confirmPassword"]</arg>
<arg>halacska</arg>
<doc>Types the given password into the text field identified by ``locator``.</doc>
<status status="PASS" start="2026-03-23T08:58:30.094828" elapsed="0.022371"/>
</kw>
<kw name="Click Button" owner="Selenium2Library">
<msg time="2026-03-23T08:58:30.118458" level="INFO">Clicking button '//*[@id="register-button"]'.</msg>
<arg>//*[@id="register-button"]</arg>
<doc>Clicks the button identified by ``locator``.</doc>
<status status="PASS" start="2026-03-23T08:58:30.117544" elapsed="0.103532"/>
</kw>
<kw name="Sleep" owner="BuiltIn">
<msg time="2026-03-23T08:58:31.222068" level="INFO">Slept 1 second.</msg>
<arg>1s</arg>
<doc>Pauses the test executed for the given time.</doc>
<status status="PASS" start="2026-03-23T08:58:30.221292" elapsed="1.001015"/>
</kw>
<kw name="Click Element" owner="Selenium2Library">
<msg time="2026-03-23T08:58:31.222788" level="INFO">Clicking element '//*[@id="login-link"]'.</msg>
<arg>//*[@id="login-link"]</arg>
<doc>Click the element identified by ``locator``.</doc>
<status status="PASS" start="2026-03-23T08:58:31.222494" elapsed="0.068558"/>
</kw>
<kw name="Page Should Contain Button" owner="Selenium2Library">
<msg time="2026-03-23T08:58:31.304692" level="INFO">Current page contains button '//*[@id="login-button"]'.</msg>
<arg>//*[@id="login-button"]</arg>
<doc>Verifies button ``locator`` is found from current page.</doc>
<status status="PASS" start="2026-03-23T08:58:31.291255" elapsed="0.013655"/>
</kw>
<kw name="Input Text" owner="Selenium2Library">
<msg time="2026-03-23T08:58:31.305550" level="INFO">Typing text 'hablabla@blub.fih' into text field '//*[@id="email"]'.</msg>
<arg>//*[@id="email"]</arg>
<arg>hablabla@blub.fih</arg>
<doc>Types the given ``text`` into the text field identified by ``locator``.</doc>
<status status="PASS" start="2026-03-23T08:58:31.305093" elapsed="0.023044"/>
</kw>
<kw name="Input Password" owner="Selenium2Library">
<msg time="2026-03-23T08:58:31.328625" level="INFO">Typing password into text field '//*[@id="password"]'.</msg>
<msg time="2026-03-23T08:58:31.342332" level="INFO">Temporally setting log level to: NONE</msg>
<arg>//*[@id="password"]</arg>
<arg>halacska</arg>
<doc>Types the given password into the text field identified by ``locator``.</doc>
<status status="PASS" start="2026-03-23T08:58:31.328335" elapsed="0.024964"/>
</kw>
<kw name="Click Button" owner="Selenium2Library">
<msg time="2026-03-23T08:58:31.353832" level="INFO">Clicking button '//*[@id="login-button"]'.</msg>
<arg>//*[@id="login-button"]</arg>
<doc>Clicks the button identified by ``locator``.</doc>
<status status="PASS" start="2026-03-23T08:58:31.353511" elapsed="0.080645"/>
</kw>
<status status="PASS" start="2026-03-23T08:58:23.439672" elapsed="7.994911"/>
</kw>
<kw name="Wait Until Element Is Visible" owner="Selenium2Library">
<arg>class:logout-button</arg>
<doc>Waits until the element ``locator`` is visible.</doc>
<status status="PASS" start="2026-03-23T08:58:31.435005" elapsed="0.230448"/>
</kw>
<kw name="Click Button" owner="Selenium2Library">
<msg time="2026-03-23T08:58:31.667644" level="INFO">Clicking button 'class:logout-button'.</msg>
<arg>class:logout-button</arg>
<doc>Clicks the button identified by ``locator``.</doc>
<status status="PASS" start="2026-03-23T08:58:31.666878" elapsed="0.076288"/>
</kw>
<kw name="Sleep" owner="BuiltIn">
<msg time="2026-03-23T08:58:36.745881" level="INFO">Slept 5 seconds.</msg>
<arg>5s</arg>
<doc>Pauses the test executed for the given time.</doc>
<status status="PASS" start="2026-03-23T08:58:31.744924" elapsed="5.001761"/>
</kw>
<kw name="Close Browser" owner="Selenium2Library">
<doc>Closes the current browser.</doc>
<status status="PASS" start="2026-03-23T08:58:36.748057" elapsed="2.122348"/>
</kw>
<status status="PASS" start="2026-03-23T08:58:23.436575" elapsed="15.434350"/>
</test>
<status status="PASS" start="2026-03-23T08:58:23.225044" elapsed="15.651528"/>
</suite>
<status status="PASS" start="2026-03-23T08:58:23.220336" elapsed="15.660466"/>
</suite>
<status status="PASS" start="2026-03-23T08:58:23.180537" elapsed="15.709442"/>
</suite>
<statistics>
<total>
<stat pass="1" fail="0" skip="0">All Tests</stat>
</total>
<tag>
</tag>
<suite>
<stat name="Robot Framework" id="s1" pass="1" fail="0" skip="0">Robot Framework</stat>
<stat name="Parking Garage" id="s1-s1" pass="1" fail="0" skip="0">Robot Framework.Parking Garage</stat>
<stat name="Login" id="s1-s1-s1" pass="1" fail="0" skip="0">Robot Framework.Parking Garage.Login</stat>
</suite>
</statistics>
<errors>
</errors>
</robot>
